<?xml version="1.0" encoding="UTF-8"?>
<testng-results ignored="0" total="1" passed="1" failed="0" skipped="0">
  <reporter-output>
  </reporter-output>
  <suite started-at="2020-08-13T18:28:35Z" name="Suite" finished-at="2020-08-13T18:28:41Z" duration-ms="5446">
    <groups>
    </groups>
    <test started-at="2020-08-13T18:28:35Z" name="Test" finished-at="2020-08-13T18:28:41Z" duration-ms="5446">
      <class name="soapui_e2e.TestRunner">
        <test-method signature="soapui()[pri:0, instance:soapui_e2e.TestRunner@11d8ae8b]" started-at="2020-08-13T18:28:35Z" name="soapui" finished-at="2020-08-13T18:28:41Z" duration-ms="5409" status="PASS">
          <reporter-output>
          </reporter-output>
        </test-method> <!-- soapui -->
      </class> <!-- soapui_e2e.TestRunner -->
    </test> <!-- Test -->
  </suite> <!-- Suite -->
</testng-results>
